ARM GAS  C:\Users\imkar\AppData\Local\Temp\cc1ntAGH.s 			page 1


   1              		.cpu cortex-m4
   2              		.arch armv7e-m
   3              		.fpu fpv4-sp-d16
   4              		.eabi_attribute 27, 1
   5              		.eabi_attribute 28, 1
   6              		.eabi_attribute 20, 1
   7              		.eabi_attribute 21, 1
   8              		.eabi_attribute 23, 3
   9              		.eabi_attribute 24, 1
  10              		.eabi_attribute 25, 1
  11              		.eabi_attribute 26, 1
  12              		.eabi_attribute 30, 1
  13              		.eabi_attribute 34, 1
  14              		.eabi_attribute 18, 4
  15              		.file	"main.c"
  16              		.text
  17              	.Ltext0:
  18              		.cfi_sections	.debug_frame
  19              		.section	.text.main,"ax",%progbits
  20              		.align	1
  21              		.global	main
  22              		.syntax unified
  23              		.thumb
  24              		.thumb_func
  26              	main:
  27              	.LFB132:
  28              		.file 1 "Core/Src/main.c"
   1:Core/Src/main.c **** #include "stm32l4xx.h"
   2:Core/Src/main.c **** #include "HAL_GPIO.h"
   3:Core/Src/main.c **** int main()
   4:Core/Src/main.c **** {
  29              		.loc 1 4 1 view -0
  30              		.cfi_startproc
  31              		@ Volatile: function does not return.
  32              		@ args = 0, pretend = 0, frame = 32
  33              		@ frame_needed = 0, uses_anonymous_args = 0
  34 0000 00B5     		push	{lr}
  35              	.LCFI0:
  36              		.cfi_def_cfa_offset 4
  37              		.cfi_offset 14, -4
  38 0002 8DB0     		sub	sp, sp, #52
  39              	.LCFI1:
  40              		.cfi_def_cfa_offset 56
   5:Core/Src/main.c ****   HAL_Init();
  41              		.loc 1 5 3 view .LVU1
  42 0004 FFF7FEFF 		bl	HAL_Init
  43              	.LVL0:
   6:Core/Src/main.c **** 
   7:Core/Src/main.c ****   //****************************************************************
   8:Core/Src/main.c ****   /*RCC->AHB2ENR |= (1<<1); // Enabling AHB2 RCC clock for GPIOC pin
   9:Core/Src/main.c ****   //GPIOB->MODER |= (0x01<<(28));
  10:Core/Src/main.c ****   GPIOB->MODER &= ~(1<<29); // setting pin 14 in GPO mode (LED2)
  11:Core/Src/main.c ****   GPIOB->MODER |= (1<<28);
  12:Core/Src/main.c ****   GPIOB->OTYPER &= ~(1<<14); // setting pin 14 in push-pull
  13:Core/Src/main.c ****   GPIOB->OSPEEDR |= (1<<29);
  14:Core/Src/main.c ****   //GPIOB->OSPEEDR &= ~(1<<28);
  15:Core/Src/main.c ****   GPIOB->PUPDR &= ~((1<<28) | (1<<29));*/
ARM GAS  C:\Users\imkar\AppData\Local\Temp\cc1ntAGH.s 			page 2


  16:Core/Src/main.c ****   //****************************************************************
  17:Core/Src/main.c **** 
  18:Core/Src/main.c ****   GPIO_TYPE myGPIO;
  44              		.loc 1 18 3 view .LVU2
  19:Core/Src/main.c **** 
  20:Core/Src/main.c ****   myGPIO.port = PORTB;
  45              		.loc 1 20 3 view .LVU3
  46              		.loc 1 20 15 is_stmt 0 view .LVU4
  47 0008 0E4B     		ldr	r3, .L4
  48 000a 0593     		str	r3, [sp, #20]
  21:Core/Src/main.c ****   myGPIO.pin = 14;
  49              		.loc 1 21 3 is_stmt 1 view .LVU5
  50              		.loc 1 21 14 is_stmt 0 view .LVU6
  51 000c 0E23     		movs	r3, #14
  52 000e 0693     		str	r3, [sp, #24]
  22:Core/Src/main.c ****   myGPIO.mode = OUTPUT_MODE;
  53              		.loc 1 22 3 is_stmt 1 view .LVU7
  54              		.loc 1 22 15 is_stmt 0 view .LVU8
  55 0010 0123     		movs	r3, #1
  56 0012 0793     		str	r3, [sp, #28]
  23:Core/Src/main.c ****   myGPIO.input_mode_type = GENERAL_PURPOSE_OUTPUT_MODE;
  57              		.loc 1 23 3 is_stmt 1 view .LVU9
  58              		.loc 1 23 26 is_stmt 0 view .LVU10
  59 0014 0893     		str	r3, [sp, #32]
  24:Core/Src/main.c ****   myGPIO.output_mode_type = OUTPUT_PU_PL;
  60              		.loc 1 24 3 is_stmt 1 view .LVU11
  61              		.loc 1 24 27 is_stmt 0 view .LVU12
  62 0016 0023     		movs	r3, #0
  63 0018 0993     		str	r3, [sp, #36]
  25:Core/Src/main.c ****   myGPIO.pull = NO_PU_PD;
  64              		.loc 1 25 3 is_stmt 1 view .LVU13
  65              		.loc 1 25 15 is_stmt 0 view .LVU14
  66 001a 0A93     		str	r3, [sp, #40]
  26:Core/Src/main.c ****   myGPIO.speed = HIGH_SPEED;
  67              		.loc 1 26 3 is_stmt 1 view .LVU15
  68              		.loc 1 26 16 is_stmt 0 view .LVU16
  69 001c 0223     		movs	r3, #2
  70 001e 0B93     		str	r3, [sp, #44]
  27:Core/Src/main.c **** 
  28:Core/Src/main.c ****   gpio_init(myGPIO);
  71              		.loc 1 28 3 is_stmt 1 view .LVU17
  72 0020 0CAB     		add	r3, sp, #48
  73 0022 13E90700 		ldmdb	r3, {r0, r1, r2}
  74 0026 8DE80700 		stm	sp, {r0, r1, r2}
  75 002a 05AB     		add	r3, sp, #20
  76 002c 0FCB     		ldm	r3, {r0, r1, r2, r3}
  77 002e FFF7FEFF 		bl	gpio_init
  78              	.LVL1:
  79              	.L2:
  29:Core/Src/main.c **** 
  30:Core/Src/main.c ****   while(1)
  80              		.loc 1 30 3 discriminator 1 view .LVU18
  31:Core/Src/main.c ****   {
  32:Core/Src/main.c ****   
  33:Core/Src/main.c **** 
  34:Core/Src/main.c ****   //***************************************************************
  35:Core/Src/main.c ****   /*GPIOB->BSRR = (1<<14); //set pin 14 high
ARM GAS  C:\Users\imkar\AppData\Local\Temp\cc1ntAGH.s 			page 3


  36:Core/Src/main.c ****   HAL_Delay(1000);
  37:Core/Src/main.c ****   GPIOB->BSRR = (1<<30); //set the pin 14 low
  38:Core/Src/main.c ****   HAL_Delay(1000);*/
  39:Core/Src/main.c ****   //*************************************************************
  40:Core/Src/main.c ****   
  41:Core/Src/main.c ****   gpio_toggle(PORTB,14);
  81              		.loc 1 41 3 discriminator 1 view .LVU19
  82 0032 0E21     		movs	r1, #14
  83 0034 0348     		ldr	r0, .L4
  84 0036 FFF7FEFF 		bl	gpio_toggle
  85              	.LVL2:
  42:Core/Src/main.c ****   HAL_Delay(1000);
  86              		.loc 1 42 3 discriminator 1 view .LVU20
  87 003a 4FF47A70 		mov	r0, #1000
  88 003e FFF7FEFF 		bl	HAL_Delay
  89              	.LVL3:
  30:Core/Src/main.c ****   {
  90              		.loc 1 30 8 discriminator 1 view .LVU21
  91 0042 F6E7     		b	.L2
  92              	.L5:
  93              		.align	2
  94              	.L4:
  95 0044 00040048 		.word	1207960576
  96              		.cfi_endproc
  97              	.LFE132:
  99              		.text
 100              	.Letext0:
 101              		.file 2 "c:\\tools\\gcc-arm-none-eabi-10.3-2021.10-win32\\gcc-arm-none-eabi-10.3-2021.10\\arm-none
 102              		.file 3 "c:\\tools\\gcc-arm-none-eabi-10.3-2021.10-win32\\gcc-arm-none-eabi-10.3-2021.10\\arm-none
 103              		.file 4 "Drivers/CMSIS/Device/ST/STM32L4xx/Include/stm32l475xx.h"
 104              		.file 5 "Core/Inc/HAL_GPIO.h"
 105              		.file 6 "Drivers/STM32L4xx_HAL_Driver/Inc/stm32l4xx_hal.h"
ARM GAS  C:\Users\imkar\AppData\Local\Temp\cc1ntAGH.s 			page 4


DEFINED SYMBOLS
                            *ABS*:00000000 main.c
C:\Users\imkar\AppData\Local\Temp\cc1ntAGH.s:20     .text.main:00000000 $t
C:\Users\imkar\AppData\Local\Temp\cc1ntAGH.s:26     .text.main:00000000 main
C:\Users\imkar\AppData\Local\Temp\cc1ntAGH.s:95     .text.main:00000044 $d

UNDEFINED SYMBOLS
HAL_Init
gpio_init
gpio_toggle
HAL_Delay
