ARM GAS  C:\Users\imkar\AppData\Local\Temp\cckqqO8c.s 			page 1


   1              		.cpu cortex-m4
   2              		.arch armv7e-m
   3              		.fpu fpv4-sp-d16
   4              		.eabi_attribute 27, 1
   5              		.eabi_attribute 28, 1
   6              		.eabi_attribute 20, 1
   7              		.eabi_attribute 21, 1
   8              		.eabi_attribute 23, 3
   9              		.eabi_attribute 24, 1
  10              		.eabi_attribute 25, 1
  11              		.eabi_attribute 26, 1
  12              		.eabi_attribute 30, 1
  13              		.eabi_attribute 34, 1
  14              		.eabi_attribute 18, 4
  15              		.file	"usart.c"
  16              		.text
  17              	.Ltext0:
  18              		.cfi_sections	.debug_frame
  19              		.section	.text.MX_USART1_UART_Init,"ax",%progbits
  20              		.align	1
  21              		.global	MX_USART1_UART_Init
  22              		.syntax unified
  23              		.thumb
  24              		.thumb_func
  26              	MX_USART1_UART_Init:
  27              	.LFB132:
  28              		.file 1 "Core/Src/usart.c"
   1:Core/Src/usart.c **** /* USER CODE BEGIN Header */
   2:Core/Src/usart.c **** /**
   3:Core/Src/usart.c ****   ******************************************************************************
   4:Core/Src/usart.c ****   * @file    usart.c
   5:Core/Src/usart.c ****   * @brief   This file provides code for the configuration
   6:Core/Src/usart.c ****   *          of the USART instances.
   7:Core/Src/usart.c ****   ******************************************************************************
   8:Core/Src/usart.c ****   * @attention
   9:Core/Src/usart.c ****   *
  10:Core/Src/usart.c ****   * Copyright (c) 2022 STMicroelectronics.
  11:Core/Src/usart.c ****   * All rights reserved.
  12:Core/Src/usart.c ****   *
  13:Core/Src/usart.c ****   * This software is licensed under terms that can be found in the LICENSE file
  14:Core/Src/usart.c ****   * in the root directory of this software component.
  15:Core/Src/usart.c ****   * If no LICENSE file comes with this software, it is provided AS-IS.
  16:Core/Src/usart.c ****   *
  17:Core/Src/usart.c ****   ******************************************************************************
  18:Core/Src/usart.c ****   */
  19:Core/Src/usart.c **** /* USER CODE END Header */
  20:Core/Src/usart.c **** /* Includes ------------------------------------------------------------------*/
  21:Core/Src/usart.c **** #include "usart.h"
  22:Core/Src/usart.c **** 
  23:Core/Src/usart.c **** /* USER CODE BEGIN 0 */
  24:Core/Src/usart.c **** 
  25:Core/Src/usart.c **** /* USER CODE END 0 */
  26:Core/Src/usart.c **** 
  27:Core/Src/usart.c **** UART_HandleTypeDef huart1;
  28:Core/Src/usart.c **** UART_HandleTypeDef huart3;
  29:Core/Src/usart.c **** 
  30:Core/Src/usart.c **** /* USART1 init function */
ARM GAS  C:\Users\imkar\AppData\Local\Temp\cckqqO8c.s 			page 2


  31:Core/Src/usart.c **** 
  32:Core/Src/usart.c **** void MX_USART1_UART_Init(void)
  33:Core/Src/usart.c **** {
  29              		.loc 1 33 1 view -0
  30              		.cfi_startproc
  31              		@ args = 0, pretend = 0, frame = 0
  32              		@ frame_needed = 0, uses_anonymous_args = 0
  33 0000 08B5     		push	{r3, lr}
  34              	.LCFI0:
  35              		.cfi_def_cfa_offset 8
  36              		.cfi_offset 3, -8
  37              		.cfi_offset 14, -4
  34:Core/Src/usart.c **** 
  35:Core/Src/usart.c ****   /* USER CODE BEGIN USART1_Init 0 */
  36:Core/Src/usart.c **** 
  37:Core/Src/usart.c ****   /* USER CODE END USART1_Init 0 */
  38:Core/Src/usart.c **** 
  39:Core/Src/usart.c ****   /* USER CODE BEGIN USART1_Init 1 */
  40:Core/Src/usart.c **** 
  41:Core/Src/usart.c ****   /* USER CODE END USART1_Init 1 */
  42:Core/Src/usart.c ****   huart1.Instance = USART1;
  38              		.loc 1 42 3 view .LVU1
  39              		.loc 1 42 19 is_stmt 0 view .LVU2
  40 0002 0B48     		ldr	r0, .L5
  41 0004 0B4B     		ldr	r3, .L5+4
  42 0006 0360     		str	r3, [r0]
  43:Core/Src/usart.c ****   huart1.Init.BaudRate = 115200;
  43              		.loc 1 43 3 is_stmt 1 view .LVU3
  44              		.loc 1 43 24 is_stmt 0 view .LVU4
  45 0008 4FF4E133 		mov	r3, #115200
  46 000c 4360     		str	r3, [r0, #4]
  44:Core/Src/usart.c ****   huart1.Init.WordLength = UART_WORDLENGTH_8B;
  47              		.loc 1 44 3 is_stmt 1 view .LVU5
  48              		.loc 1 44 26 is_stmt 0 view .LVU6
  49 000e 0023     		movs	r3, #0
  50 0010 8360     		str	r3, [r0, #8]
  45:Core/Src/usart.c ****   huart1.Init.StopBits = UART_STOPBITS_1;
  51              		.loc 1 45 3 is_stmt 1 view .LVU7
  52              		.loc 1 45 24 is_stmt 0 view .LVU8
  53 0012 C360     		str	r3, [r0, #12]
  46:Core/Src/usart.c ****   huart1.Init.Parity = UART_PARITY_NONE;
  54              		.loc 1 46 3 is_stmt 1 view .LVU9
  55              		.loc 1 46 22 is_stmt 0 view .LVU10
  56 0014 0361     		str	r3, [r0, #16]
  47:Core/Src/usart.c ****   huart1.Init.Mode = UART_MODE_TX_RX;
  57              		.loc 1 47 3 is_stmt 1 view .LVU11
  58              		.loc 1 47 20 is_stmt 0 view .LVU12
  59 0016 0C22     		movs	r2, #12
  60 0018 4261     		str	r2, [r0, #20]
  48:Core/Src/usart.c ****   huart1.Init.HwFlowCtl = UART_HWCONTROL_NONE;
  61              		.loc 1 48 3 is_stmt 1 view .LVU13
  62              		.loc 1 48 25 is_stmt 0 view .LVU14
  63 001a 8361     		str	r3, [r0, #24]
  49:Core/Src/usart.c ****   huart1.Init.OverSampling = UART_OVERSAMPLING_16;
  64              		.loc 1 49 3 is_stmt 1 view .LVU15
  65              		.loc 1 49 28 is_stmt 0 view .LVU16
  66 001c C361     		str	r3, [r0, #28]
ARM GAS  C:\Users\imkar\AppData\Local\Temp\cckqqO8c.s 			page 3


  50:Core/Src/usart.c ****   huart1.Init.OneBitSampling = UART_ONE_BIT_SAMPLE_DISABLE;
  67              		.loc 1 50 3 is_stmt 1 view .LVU17
  68              		.loc 1 50 30 is_stmt 0 view .LVU18
  69 001e 0362     		str	r3, [r0, #32]
  51:Core/Src/usart.c ****   huart1.AdvancedInit.AdvFeatureInit = UART_ADVFEATURE_NO_INIT;
  70              		.loc 1 51 3 is_stmt 1 view .LVU19
  71              		.loc 1 51 38 is_stmt 0 view .LVU20
  72 0020 4362     		str	r3, [r0, #36]
  52:Core/Src/usart.c ****   if (HAL_UART_Init(&huart1) != HAL_OK)
  73              		.loc 1 52 3 is_stmt 1 view .LVU21
  74              		.loc 1 52 7 is_stmt 0 view .LVU22
  75 0022 FFF7FEFF 		bl	HAL_UART_Init
  76              	.LVL0:
  77              		.loc 1 52 6 view .LVU23
  78 0026 00B9     		cbnz	r0, .L4
  79              	.L1:
  53:Core/Src/usart.c ****   {
  54:Core/Src/usart.c ****     Error_Handler();
  55:Core/Src/usart.c ****   }
  56:Core/Src/usart.c ****   /* USER CODE BEGIN USART1_Init 2 */
  57:Core/Src/usart.c **** 
  58:Core/Src/usart.c ****   /* USER CODE END USART1_Init 2 */
  59:Core/Src/usart.c **** 
  60:Core/Src/usart.c **** }
  80              		.loc 1 60 1 view .LVU24
  81 0028 08BD     		pop	{r3, pc}
  82              	.L4:
  54:Core/Src/usart.c ****   }
  83              		.loc 1 54 5 is_stmt 1 view .LVU25
  84 002a FFF7FEFF 		bl	Error_Handler
  85              	.LVL1:
  86              		.loc 1 60 1 is_stmt 0 view .LVU26
  87 002e FBE7     		b	.L1
  88              	.L6:
  89              		.align	2
  90              	.L5:
  91 0030 00000000 		.word	.LANCHOR0
  92 0034 00380140 		.word	1073821696
  93              		.cfi_endproc
  94              	.LFE132:
  96              		.section	.text.MX_USART3_UART_Init,"ax",%progbits
  97              		.align	1
  98              		.global	MX_USART3_UART_Init
  99              		.syntax unified
 100              		.thumb
 101              		.thumb_func
 103              	MX_USART3_UART_Init:
 104              	.LFB133:
  61:Core/Src/usart.c **** /* USART3 init function */
  62:Core/Src/usart.c **** 
  63:Core/Src/usart.c **** void MX_USART3_UART_Init(void)
  64:Core/Src/usart.c **** {
 105              		.loc 1 64 1 is_stmt 1 view -0
 106              		.cfi_startproc
 107              		@ args = 0, pretend = 0, frame = 0
 108              		@ frame_needed = 0, uses_anonymous_args = 0
 109 0000 08B5     		push	{r3, lr}
ARM GAS  C:\Users\imkar\AppData\Local\Temp\cckqqO8c.s 			page 4


 110              	.LCFI1:
 111              		.cfi_def_cfa_offset 8
 112              		.cfi_offset 3, -8
 113              		.cfi_offset 14, -4
  65:Core/Src/usart.c **** 
  66:Core/Src/usart.c ****   /* USER CODE BEGIN USART3_Init 0 */
  67:Core/Src/usart.c **** 
  68:Core/Src/usart.c ****   /* USER CODE END USART3_Init 0 */
  69:Core/Src/usart.c **** 
  70:Core/Src/usart.c ****   /* USER CODE BEGIN USART3_Init 1 */
  71:Core/Src/usart.c **** 
  72:Core/Src/usart.c ****   /* USER CODE END USART3_Init 1 */
  73:Core/Src/usart.c ****   huart3.Instance = USART3;
 114              		.loc 1 73 3 view .LVU28
 115              		.loc 1 73 19 is_stmt 0 view .LVU29
 116 0002 0B48     		ldr	r0, .L11
 117 0004 0B4B     		ldr	r3, .L11+4
 118 0006 0360     		str	r3, [r0]
  74:Core/Src/usart.c ****   huart3.Init.BaudRate = 115200;
 119              		.loc 1 74 3 is_stmt 1 view .LVU30
 120              		.loc 1 74 24 is_stmt 0 view .LVU31
 121 0008 4FF4E133 		mov	r3, #115200
 122 000c 4360     		str	r3, [r0, #4]
  75:Core/Src/usart.c ****   huart3.Init.WordLength = UART_WORDLENGTH_8B;
 123              		.loc 1 75 3 is_stmt 1 view .LVU32
 124              		.loc 1 75 26 is_stmt 0 view .LVU33
 125 000e 0023     		movs	r3, #0
 126 0010 8360     		str	r3, [r0, #8]
  76:Core/Src/usart.c ****   huart3.Init.StopBits = UART_STOPBITS_1;
 127              		.loc 1 76 3 is_stmt 1 view .LVU34
 128              		.loc 1 76 24 is_stmt 0 view .LVU35
 129 0012 C360     		str	r3, [r0, #12]
  77:Core/Src/usart.c ****   huart3.Init.Parity = UART_PARITY_NONE;
 130              		.loc 1 77 3 is_stmt 1 view .LVU36
 131              		.loc 1 77 22 is_stmt 0 view .LVU37
 132 0014 0361     		str	r3, [r0, #16]
  78:Core/Src/usart.c ****   huart3.Init.Mode = UART_MODE_TX_RX;
 133              		.loc 1 78 3 is_stmt 1 view .LVU38
 134              		.loc 1 78 20 is_stmt 0 view .LVU39
 135 0016 0C22     		movs	r2, #12
 136 0018 4261     		str	r2, [r0, #20]
  79:Core/Src/usart.c ****   huart3.Init.HwFlowCtl = UART_HWCONTROL_NONE;
 137              		.loc 1 79 3 is_stmt 1 view .LVU40
 138              		.loc 1 79 25 is_stmt 0 view .LVU41
 139 001a 8361     		str	r3, [r0, #24]
  80:Core/Src/usart.c ****   huart3.Init.OverSampling = UART_OVERSAMPLING_16;
 140              		.loc 1 80 3 is_stmt 1 view .LVU42
 141              		.loc 1 80 28 is_stmt 0 view .LVU43
 142 001c C361     		str	r3, [r0, #28]
  81:Core/Src/usart.c ****   huart3.Init.OneBitSampling = UART_ONE_BIT_SAMPLE_DISABLE;
 143              		.loc 1 81 3 is_stmt 1 view .LVU44
 144              		.loc 1 81 30 is_stmt 0 view .LVU45
 145 001e 0362     		str	r3, [r0, #32]
  82:Core/Src/usart.c ****   huart3.AdvancedInit.AdvFeatureInit = UART_ADVFEATURE_NO_INIT;
 146              		.loc 1 82 3 is_stmt 1 view .LVU46
 147              		.loc 1 82 38 is_stmt 0 view .LVU47
 148 0020 4362     		str	r3, [r0, #36]
ARM GAS  C:\Users\imkar\AppData\Local\Temp\cckqqO8c.s 			page 5


  83:Core/Src/usart.c ****   if (HAL_UART_Init(&huart3) != HAL_OK)
 149              		.loc 1 83 3 is_stmt 1 view .LVU48
 150              		.loc 1 83 7 is_stmt 0 view .LVU49
 151 0022 FFF7FEFF 		bl	HAL_UART_Init
 152              	.LVL2:
 153              		.loc 1 83 6 view .LVU50
 154 0026 00B9     		cbnz	r0, .L10
 155              	.L7:
  84:Core/Src/usart.c ****   {
  85:Core/Src/usart.c ****     Error_Handler();
  86:Core/Src/usart.c ****   }
  87:Core/Src/usart.c ****   /* USER CODE BEGIN USART3_Init 2 */
  88:Core/Src/usart.c **** 
  89:Core/Src/usart.c ****   /* USER CODE END USART3_Init 2 */
  90:Core/Src/usart.c **** 
  91:Core/Src/usart.c **** }
 156              		.loc 1 91 1 view .LVU51
 157 0028 08BD     		pop	{r3, pc}
 158              	.L10:
  85:Core/Src/usart.c ****   }
 159              		.loc 1 85 5 is_stmt 1 view .LVU52
 160 002a FFF7FEFF 		bl	Error_Handler
 161              	.LVL3:
 162              		.loc 1 91 1 is_stmt 0 view .LVU53
 163 002e FBE7     		b	.L7
 164              	.L12:
 165              		.align	2
 166              	.L11:
 167 0030 00000000 		.word	.LANCHOR1
 168 0034 00480040 		.word	1073760256
 169              		.cfi_endproc
 170              	.LFE133:
 172              		.section	.text.HAL_UART_MspInit,"ax",%progbits
 173              		.align	1
 174              		.global	HAL_UART_MspInit
 175              		.syntax unified
 176              		.thumb
 177              		.thumb_func
 179              	HAL_UART_MspInit:
 180              	.LVL4:
 181              	.LFB134:
  92:Core/Src/usart.c **** 
  93:Core/Src/usart.c **** void HAL_UART_MspInit(UART_HandleTypeDef* uartHandle)
  94:Core/Src/usart.c **** {
 182              		.loc 1 94 1 is_stmt 1 view -0
 183              		.cfi_startproc
 184              		@ args = 0, pretend = 0, frame = 176
 185              		@ frame_needed = 0, uses_anonymous_args = 0
 186              		.loc 1 94 1 is_stmt 0 view .LVU55
 187 0000 10B5     		push	{r4, lr}
 188              	.LCFI2:
 189              		.cfi_def_cfa_offset 8
 190              		.cfi_offset 4, -8
 191              		.cfi_offset 14, -4
 192 0002 ACB0     		sub	sp, sp, #176
 193              	.LCFI3:
 194              		.cfi_def_cfa_offset 184
ARM GAS  C:\Users\imkar\AppData\Local\Temp\cckqqO8c.s 			page 6


 195 0004 0446     		mov	r4, r0
  95:Core/Src/usart.c **** 
  96:Core/Src/usart.c ****   GPIO_InitTypeDef GPIO_InitStruct = {0};
 196              		.loc 1 96 3 is_stmt 1 view .LVU56
 197              		.loc 1 96 20 is_stmt 0 view .LVU57
 198 0006 0021     		movs	r1, #0
 199 0008 2791     		str	r1, [sp, #156]
 200 000a 2891     		str	r1, [sp, #160]
 201 000c 2991     		str	r1, [sp, #164]
 202 000e 2A91     		str	r1, [sp, #168]
 203 0010 2B91     		str	r1, [sp, #172]
  97:Core/Src/usart.c ****   RCC_PeriphCLKInitTypeDef PeriphClkInit = {0};
 204              		.loc 1 97 3 is_stmt 1 view .LVU58
 205              		.loc 1 97 28 is_stmt 0 view .LVU59
 206 0012 8822     		movs	r2, #136
 207 0014 05A8     		add	r0, sp, #20
 208              	.LVL5:
 209              		.loc 1 97 28 view .LVU60
 210 0016 FFF7FEFF 		bl	memset
 211              	.LVL6:
  98:Core/Src/usart.c ****   if(uartHandle->Instance==USART1)
 212              		.loc 1 98 3 is_stmt 1 view .LVU61
 213              		.loc 1 98 16 is_stmt 0 view .LVU62
 214 001a 2368     		ldr	r3, [r4]
 215              		.loc 1 98 5 view .LVU63
 216 001c 2F4A     		ldr	r2, .L23
 217 001e 9342     		cmp	r3, r2
 218 0020 04D0     		beq	.L19
  99:Core/Src/usart.c ****   {
 100:Core/Src/usart.c ****   /* USER CODE BEGIN USART1_MspInit 0 */
 101:Core/Src/usart.c **** 
 102:Core/Src/usart.c ****   /* USER CODE END USART1_MspInit 0 */
 103:Core/Src/usart.c **** 
 104:Core/Src/usart.c ****   /** Initializes the peripherals clock
 105:Core/Src/usart.c ****   */
 106:Core/Src/usart.c ****     PeriphClkInit.PeriphClockSelection = RCC_PERIPHCLK_USART1;
 107:Core/Src/usart.c ****     PeriphClkInit.Usart1ClockSelection = RCC_USART1CLKSOURCE_PCLK2;
 108:Core/Src/usart.c ****     if (HAL_RCCEx_PeriphCLKConfig(&PeriphClkInit) != HAL_OK)
 109:Core/Src/usart.c ****     {
 110:Core/Src/usart.c ****       Error_Handler();
 111:Core/Src/usart.c ****     }
 112:Core/Src/usart.c **** 
 113:Core/Src/usart.c ****     /* USART1 clock enable */
 114:Core/Src/usart.c ****     __HAL_RCC_USART1_CLK_ENABLE();
 115:Core/Src/usart.c **** 
 116:Core/Src/usart.c ****     __HAL_RCC_GPIOB_CLK_ENABLE();
 117:Core/Src/usart.c ****     /**USART1 GPIO Configuration
 118:Core/Src/usart.c ****     PB6     ------> USART1_TX
 119:Core/Src/usart.c ****     PB7     ------> USART1_RX
 120:Core/Src/usart.c ****     */
 121:Core/Src/usart.c ****     GPIO_InitStruct.Pin = ST_LINK_UART1_TX_Pin|ST_LINK_UART1_RX_Pin;
 122:Core/Src/usart.c ****     GPIO_InitStruct.Mode = GPIO_MODE_AF_PP;
 123:Core/Src/usart.c ****     GPIO_InitStruct.Pull = GPIO_NOPULL;
 124:Core/Src/usart.c ****     GPIO_InitStruct.Speed = GPIO_SPEED_FREQ_VERY_HIGH;
 125:Core/Src/usart.c ****     GPIO_InitStruct.Alternate = GPIO_AF7_USART1;
 126:Core/Src/usart.c ****     HAL_GPIO_Init(GPIOB, &GPIO_InitStruct);
 127:Core/Src/usart.c **** 
ARM GAS  C:\Users\imkar\AppData\Local\Temp\cckqqO8c.s 			page 7


 128:Core/Src/usart.c ****   /* USER CODE BEGIN USART1_MspInit 1 */
 129:Core/Src/usart.c **** 
 130:Core/Src/usart.c ****   /* USER CODE END USART1_MspInit 1 */
 131:Core/Src/usart.c ****   }
 132:Core/Src/usart.c ****   else if(uartHandle->Instance==USART3)
 219              		.loc 1 132 8 is_stmt 1 view .LVU64
 220              		.loc 1 132 10 is_stmt 0 view .LVU65
 221 0022 2F4A     		ldr	r2, .L23+4
 222 0024 9342     		cmp	r3, r2
 223 0026 2CD0     		beq	.L20
 224              	.L13:
 133:Core/Src/usart.c ****   {
 134:Core/Src/usart.c ****   /* USER CODE BEGIN USART3_MspInit 0 */
 135:Core/Src/usart.c **** 
 136:Core/Src/usart.c ****   /* USER CODE END USART3_MspInit 0 */
 137:Core/Src/usart.c **** 
 138:Core/Src/usart.c ****   /** Initializes the peripherals clock
 139:Core/Src/usart.c ****   */
 140:Core/Src/usart.c ****     PeriphClkInit.PeriphClockSelection = RCC_PERIPHCLK_USART3;
 141:Core/Src/usart.c ****     PeriphClkInit.Usart3ClockSelection = RCC_USART3CLKSOURCE_PCLK1;
 142:Core/Src/usart.c ****     if (HAL_RCCEx_PeriphCLKConfig(&PeriphClkInit) != HAL_OK)
 143:Core/Src/usart.c ****     {
 144:Core/Src/usart.c ****       Error_Handler();
 145:Core/Src/usart.c ****     }
 146:Core/Src/usart.c **** 
 147:Core/Src/usart.c ****     /* USART3 clock enable */
 148:Core/Src/usart.c ****     __HAL_RCC_USART3_CLK_ENABLE();
 149:Core/Src/usart.c **** 
 150:Core/Src/usart.c ****     __HAL_RCC_GPIOD_CLK_ENABLE();
 151:Core/Src/usart.c ****     /**USART3 GPIO Configuration
 152:Core/Src/usart.c ****     PD8     ------> USART3_TX
 153:Core/Src/usart.c ****     PD9     ------> USART3_RX
 154:Core/Src/usart.c ****     */
 155:Core/Src/usart.c ****     GPIO_InitStruct.Pin = INTERNAL_UART3_TX_Pin|INTERNAL_UART3_RX_Pin;
 156:Core/Src/usart.c ****     GPIO_InitStruct.Mode = GPIO_MODE_AF_PP;
 157:Core/Src/usart.c ****     GPIO_InitStruct.Pull = GPIO_NOPULL;
 158:Core/Src/usart.c ****     GPIO_InitStruct.Speed = GPIO_SPEED_FREQ_VERY_HIGH;
 159:Core/Src/usart.c ****     GPIO_InitStruct.Alternate = GPIO_AF7_USART3;
 160:Core/Src/usart.c ****     HAL_GPIO_Init(GPIOD, &GPIO_InitStruct);
 161:Core/Src/usart.c **** 
 162:Core/Src/usart.c ****   /* USER CODE BEGIN USART3_MspInit 1 */
 163:Core/Src/usart.c **** 
 164:Core/Src/usart.c ****   /* USER CODE END USART3_MspInit 1 */
 165:Core/Src/usart.c ****   }
 166:Core/Src/usart.c **** }
 225              		.loc 1 166 1 view .LVU66
 226 0028 2CB0     		add	sp, sp, #176
 227              	.LCFI4:
 228              		.cfi_remember_state
 229              		.cfi_def_cfa_offset 8
 230              		@ sp needed
 231 002a 10BD     		pop	{r4, pc}
 232              	.LVL7:
 233              	.L19:
 234              	.LCFI5:
 235              		.cfi_restore_state
 106:Core/Src/usart.c ****     PeriphClkInit.Usart1ClockSelection = RCC_USART1CLKSOURCE_PCLK2;
ARM GAS  C:\Users\imkar\AppData\Local\Temp\cckqqO8c.s 			page 8


 236              		.loc 1 106 5 is_stmt 1 view .LVU67
 106:Core/Src/usart.c ****     PeriphClkInit.Usart1ClockSelection = RCC_USART1CLKSOURCE_PCLK2;
 237              		.loc 1 106 40 is_stmt 0 view .LVU68
 238 002c 0123     		movs	r3, #1
 239 002e 0593     		str	r3, [sp, #20]
 107:Core/Src/usart.c ****     if (HAL_RCCEx_PeriphCLKConfig(&PeriphClkInit) != HAL_OK)
 240              		.loc 1 107 5 is_stmt 1 view .LVU69
 108:Core/Src/usart.c ****     {
 241              		.loc 1 108 5 view .LVU70
 108:Core/Src/usart.c ****     {
 242              		.loc 1 108 9 is_stmt 0 view .LVU71
 243 0030 05A8     		add	r0, sp, #20
 244 0032 FFF7FEFF 		bl	HAL_RCCEx_PeriphCLKConfig
 245              	.LVL8:
 108:Core/Src/usart.c ****     {
 246              		.loc 1 108 8 view .LVU72
 247 0036 08BB     		cbnz	r0, .L21
 248              	.L15:
 114:Core/Src/usart.c **** 
 249              		.loc 1 114 5 is_stmt 1 view .LVU73
 250              	.LBB2:
 114:Core/Src/usart.c **** 
 251              		.loc 1 114 5 view .LVU74
 114:Core/Src/usart.c **** 
 252              		.loc 1 114 5 view .LVU75
 253 0038 2A4B     		ldr	r3, .L23+8
 254 003a 1A6E     		ldr	r2, [r3, #96]
 255 003c 42F48042 		orr	r2, r2, #16384
 256 0040 1A66     		str	r2, [r3, #96]
 114:Core/Src/usart.c **** 
 257              		.loc 1 114 5 view .LVU76
 258 0042 1A6E     		ldr	r2, [r3, #96]
 259 0044 02F48042 		and	r2, r2, #16384
 260 0048 0192     		str	r2, [sp, #4]
 114:Core/Src/usart.c **** 
 261              		.loc 1 114 5 view .LVU77
 262 004a 019A     		ldr	r2, [sp, #4]
 263              	.LBE2:
 114:Core/Src/usart.c **** 
 264              		.loc 1 114 5 view .LVU78
 116:Core/Src/usart.c ****     /**USART1 GPIO Configuration
 265              		.loc 1 116 5 view .LVU79
 266              	.LBB3:
 116:Core/Src/usart.c ****     /**USART1 GPIO Configuration
 267              		.loc 1 116 5 view .LVU80
 116:Core/Src/usart.c ****     /**USART1 GPIO Configuration
 268              		.loc 1 116 5 view .LVU81
 269 004c DA6C     		ldr	r2, [r3, #76]
 270 004e 42F00202 		orr	r2, r2, #2
 271 0052 DA64     		str	r2, [r3, #76]
 116:Core/Src/usart.c ****     /**USART1 GPIO Configuration
 272              		.loc 1 116 5 view .LVU82
 273 0054 DB6C     		ldr	r3, [r3, #76]
 274 0056 03F00203 		and	r3, r3, #2
 275 005a 0293     		str	r3, [sp, #8]
 116:Core/Src/usart.c ****     /**USART1 GPIO Configuration
 276              		.loc 1 116 5 view .LVU83
ARM GAS  C:\Users\imkar\AppData\Local\Temp\cckqqO8c.s 			page 9


 277 005c 029B     		ldr	r3, [sp, #8]
 278              	.LBE3:
 116:Core/Src/usart.c ****     /**USART1 GPIO Configuration
 279              		.loc 1 116 5 view .LVU84
 121:Core/Src/usart.c ****     GPIO_InitStruct.Mode = GPIO_MODE_AF_PP;
 280              		.loc 1 121 5 view .LVU85
 121:Core/Src/usart.c ****     GPIO_InitStruct.Mode = GPIO_MODE_AF_PP;
 281              		.loc 1 121 25 is_stmt 0 view .LVU86
 282 005e C023     		movs	r3, #192
 283 0060 2793     		str	r3, [sp, #156]
 122:Core/Src/usart.c ****     GPIO_InitStruct.Pull = GPIO_NOPULL;
 284              		.loc 1 122 5 is_stmt 1 view .LVU87
 122:Core/Src/usart.c ****     GPIO_InitStruct.Pull = GPIO_NOPULL;
 285              		.loc 1 122 26 is_stmt 0 view .LVU88
 286 0062 0223     		movs	r3, #2
 287 0064 2893     		str	r3, [sp, #160]
 123:Core/Src/usart.c ****     GPIO_InitStruct.Speed = GPIO_SPEED_FREQ_VERY_HIGH;
 288              		.loc 1 123 5 is_stmt 1 view .LVU89
 123:Core/Src/usart.c ****     GPIO_InitStruct.Speed = GPIO_SPEED_FREQ_VERY_HIGH;
 289              		.loc 1 123 26 is_stmt 0 view .LVU90
 290 0066 0023     		movs	r3, #0
 291 0068 2993     		str	r3, [sp, #164]
 124:Core/Src/usart.c ****     GPIO_InitStruct.Alternate = GPIO_AF7_USART1;
 292              		.loc 1 124 5 is_stmt 1 view .LVU91
 124:Core/Src/usart.c ****     GPIO_InitStruct.Alternate = GPIO_AF7_USART1;
 293              		.loc 1 124 27 is_stmt 0 view .LVU92
 294 006a 0323     		movs	r3, #3
 295 006c 2A93     		str	r3, [sp, #168]
 125:Core/Src/usart.c ****     HAL_GPIO_Init(GPIOB, &GPIO_InitStruct);
 296              		.loc 1 125 5 is_stmt 1 view .LVU93
 125:Core/Src/usart.c ****     HAL_GPIO_Init(GPIOB, &GPIO_InitStruct);
 297              		.loc 1 125 31 is_stmt 0 view .LVU94
 298 006e 0723     		movs	r3, #7
 299 0070 2B93     		str	r3, [sp, #172]
 126:Core/Src/usart.c **** 
 300              		.loc 1 126 5 is_stmt 1 view .LVU95
 301 0072 27A9     		add	r1, sp, #156
 302 0074 1C48     		ldr	r0, .L23+12
 303 0076 FFF7FEFF 		bl	HAL_GPIO_Init
 304              	.LVL9:
 305 007a D5E7     		b	.L13
 306              	.L21:
 110:Core/Src/usart.c ****     }
 307              		.loc 1 110 7 view .LVU96
 308 007c FFF7FEFF 		bl	Error_Handler
 309              	.LVL10:
 310 0080 DAE7     		b	.L15
 311              	.L20:
 140:Core/Src/usart.c ****     PeriphClkInit.Usart3ClockSelection = RCC_USART3CLKSOURCE_PCLK1;
 312              		.loc 1 140 5 view .LVU97
 140:Core/Src/usart.c ****     PeriphClkInit.Usart3ClockSelection = RCC_USART3CLKSOURCE_PCLK1;
 313              		.loc 1 140 40 is_stmt 0 view .LVU98
 314 0082 0423     		movs	r3, #4
 315 0084 0593     		str	r3, [sp, #20]
 141:Core/Src/usart.c ****     if (HAL_RCCEx_PeriphCLKConfig(&PeriphClkInit) != HAL_OK)
 316              		.loc 1 141 5 is_stmt 1 view .LVU99
 142:Core/Src/usart.c ****     {
ARM GAS  C:\Users\imkar\AppData\Local\Temp\cckqqO8c.s 			page 10


 317              		.loc 1 142 5 view .LVU100
 142:Core/Src/usart.c ****     {
 318              		.loc 1 142 9 is_stmt 0 view .LVU101
 319 0086 05A8     		add	r0, sp, #20
 320 0088 FFF7FEFF 		bl	HAL_RCCEx_PeriphCLKConfig
 321              	.LVL11:
 142:Core/Src/usart.c ****     {
 322              		.loc 1 142 8 view .LVU102
 323 008c 10BB     		cbnz	r0, .L22
 324              	.L17:
 148:Core/Src/usart.c **** 
 325              		.loc 1 148 5 is_stmt 1 view .LVU103
 326              	.LBB4:
 148:Core/Src/usart.c **** 
 327              		.loc 1 148 5 view .LVU104
 148:Core/Src/usart.c **** 
 328              		.loc 1 148 5 view .LVU105
 329 008e 154B     		ldr	r3, .L23+8
 330 0090 9A6D     		ldr	r2, [r3, #88]
 331 0092 42F48022 		orr	r2, r2, #262144
 332 0096 9A65     		str	r2, [r3, #88]
 148:Core/Src/usart.c **** 
 333              		.loc 1 148 5 view .LVU106
 334 0098 9A6D     		ldr	r2, [r3, #88]
 335 009a 02F48022 		and	r2, r2, #262144
 336 009e 0392     		str	r2, [sp, #12]
 148:Core/Src/usart.c **** 
 337              		.loc 1 148 5 view .LVU107
 338 00a0 039A     		ldr	r2, [sp, #12]
 339              	.LBE4:
 148:Core/Src/usart.c **** 
 340              		.loc 1 148 5 view .LVU108
 150:Core/Src/usart.c ****     /**USART3 GPIO Configuration
 341              		.loc 1 150 5 view .LVU109
 342              	.LBB5:
 150:Core/Src/usart.c ****     /**USART3 GPIO Configuration
 343              		.loc 1 150 5 view .LVU110
 150:Core/Src/usart.c ****     /**USART3 GPIO Configuration
 344              		.loc 1 150 5 view .LVU111
 345 00a2 DA6C     		ldr	r2, [r3, #76]
 346 00a4 42F00802 		orr	r2, r2, #8
 347 00a8 DA64     		str	r2, [r3, #76]
 150:Core/Src/usart.c ****     /**USART3 GPIO Configuration
 348              		.loc 1 150 5 view .LVU112
 349 00aa DB6C     		ldr	r3, [r3, #76]
 350 00ac 03F00803 		and	r3, r3, #8
 351 00b0 0493     		str	r3, [sp, #16]
 150:Core/Src/usart.c ****     /**USART3 GPIO Configuration
 352              		.loc 1 150 5 view .LVU113
 353 00b2 049B     		ldr	r3, [sp, #16]
 354              	.LBE5:
 150:Core/Src/usart.c ****     /**USART3 GPIO Configuration
 355              		.loc 1 150 5 view .LVU114
 155:Core/Src/usart.c ****     GPIO_InitStruct.Mode = GPIO_MODE_AF_PP;
 356              		.loc 1 155 5 view .LVU115
 155:Core/Src/usart.c ****     GPIO_InitStruct.Mode = GPIO_MODE_AF_PP;
 357              		.loc 1 155 25 is_stmt 0 view .LVU116
ARM GAS  C:\Users\imkar\AppData\Local\Temp\cckqqO8c.s 			page 11


 358 00b4 4FF44073 		mov	r3, #768
 359 00b8 2793     		str	r3, [sp, #156]
 156:Core/Src/usart.c ****     GPIO_InitStruct.Pull = GPIO_NOPULL;
 360              		.loc 1 156 5 is_stmt 1 view .LVU117
 156:Core/Src/usart.c ****     GPIO_InitStruct.Pull = GPIO_NOPULL;
 361              		.loc 1 156 26 is_stmt 0 view .LVU118
 362 00ba 0223     		movs	r3, #2
 363 00bc 2893     		str	r3, [sp, #160]
 157:Core/Src/usart.c ****     GPIO_InitStruct.Speed = GPIO_SPEED_FREQ_VERY_HIGH;
 364              		.loc 1 157 5 is_stmt 1 view .LVU119
 157:Core/Src/usart.c ****     GPIO_InitStruct.Speed = GPIO_SPEED_FREQ_VERY_HIGH;
 365              		.loc 1 157 26 is_stmt 0 view .LVU120
 366 00be 0023     		movs	r3, #0
 367 00c0 2993     		str	r3, [sp, #164]
 158:Core/Src/usart.c ****     GPIO_InitStruct.Alternate = GPIO_AF7_USART3;
 368              		.loc 1 158 5 is_stmt 1 view .LVU121
 158:Core/Src/usart.c ****     GPIO_InitStruct.Alternate = GPIO_AF7_USART3;
 369              		.loc 1 158 27 is_stmt 0 view .LVU122
 370 00c2 0323     		movs	r3, #3
 371 00c4 2A93     		str	r3, [sp, #168]
 159:Core/Src/usart.c ****     HAL_GPIO_Init(GPIOD, &GPIO_InitStruct);
 372              		.loc 1 159 5 is_stmt 1 view .LVU123
 159:Core/Src/usart.c ****     HAL_GPIO_Init(GPIOD, &GPIO_InitStruct);
 373              		.loc 1 159 31 is_stmt 0 view .LVU124
 374 00c6 0723     		movs	r3, #7
 375 00c8 2B93     		str	r3, [sp, #172]
 160:Core/Src/usart.c **** 
 376              		.loc 1 160 5 is_stmt 1 view .LVU125
 377 00ca 27A9     		add	r1, sp, #156
 378 00cc 0748     		ldr	r0, .L23+16
 379 00ce FFF7FEFF 		bl	HAL_GPIO_Init
 380              	.LVL12:
 381              		.loc 1 166 1 is_stmt 0 view .LVU126
 382 00d2 A9E7     		b	.L13
 383              	.L22:
 144:Core/Src/usart.c ****     }
 384              		.loc 1 144 7 is_stmt 1 view .LVU127
 385 00d4 FFF7FEFF 		bl	Error_Handler
 386              	.LVL13:
 387 00d8 D9E7     		b	.L17
 388              	.L24:
 389 00da 00BF     		.align	2
 390              	.L23:
 391 00dc 00380140 		.word	1073821696
 392 00e0 00480040 		.word	1073760256
 393 00e4 00100240 		.word	1073876992
 394 00e8 00040048 		.word	1207960576
 395 00ec 000C0048 		.word	1207962624
 396              		.cfi_endproc
 397              	.LFE134:
 399              		.section	.text.HAL_UART_MspDeInit,"ax",%progbits
 400              		.align	1
 401              		.global	HAL_UART_MspDeInit
 402              		.syntax unified
 403              		.thumb
 404              		.thumb_func
 406              	HAL_UART_MspDeInit:
ARM GAS  C:\Users\imkar\AppData\Local\Temp\cckqqO8c.s 			page 12


 407              	.LVL14:
 408              	.LFB135:
 167:Core/Src/usart.c **** 
 168:Core/Src/usart.c **** void HAL_UART_MspDeInit(UART_HandleTypeDef* uartHandle)
 169:Core/Src/usart.c **** {
 409              		.loc 1 169 1 view -0
 410              		.cfi_startproc
 411              		@ args = 0, pretend = 0, frame = 0
 412              		@ frame_needed = 0, uses_anonymous_args = 0
 413              		.loc 1 169 1 is_stmt 0 view .LVU129
 414 0000 08B5     		push	{r3, lr}
 415              	.LCFI6:
 416              		.cfi_def_cfa_offset 8
 417              		.cfi_offset 3, -8
 418              		.cfi_offset 14, -4
 170:Core/Src/usart.c **** 
 171:Core/Src/usart.c ****   if(uartHandle->Instance==USART1)
 419              		.loc 1 171 3 is_stmt 1 view .LVU130
 420              		.loc 1 171 16 is_stmt 0 view .LVU131
 421 0002 0368     		ldr	r3, [r0]
 422              		.loc 1 171 5 view .LVU132
 423 0004 0E4A     		ldr	r2, .L31
 424 0006 9342     		cmp	r3, r2
 425 0008 03D0     		beq	.L29
 172:Core/Src/usart.c ****   {
 173:Core/Src/usart.c ****   /* USER CODE BEGIN USART1_MspDeInit 0 */
 174:Core/Src/usart.c **** 
 175:Core/Src/usart.c ****   /* USER CODE END USART1_MspDeInit 0 */
 176:Core/Src/usart.c ****     /* Peripheral clock disable */
 177:Core/Src/usart.c ****     __HAL_RCC_USART1_CLK_DISABLE();
 178:Core/Src/usart.c **** 
 179:Core/Src/usart.c ****     /**USART1 GPIO Configuration
 180:Core/Src/usart.c ****     PB6     ------> USART1_TX
 181:Core/Src/usart.c ****     PB7     ------> USART1_RX
 182:Core/Src/usart.c ****     */
 183:Core/Src/usart.c ****     HAL_GPIO_DeInit(GPIOB, ST_LINK_UART1_TX_Pin|ST_LINK_UART1_RX_Pin);
 184:Core/Src/usart.c **** 
 185:Core/Src/usart.c ****   /* USER CODE BEGIN USART1_MspDeInit 1 */
 186:Core/Src/usart.c **** 
 187:Core/Src/usart.c ****   /* USER CODE END USART1_MspDeInit 1 */
 188:Core/Src/usart.c ****   }
 189:Core/Src/usart.c ****   else if(uartHandle->Instance==USART3)
 426              		.loc 1 189 8 is_stmt 1 view .LVU133
 427              		.loc 1 189 10 is_stmt 0 view .LVU134
 428 000a 0E4A     		ldr	r2, .L31+4
 429 000c 9342     		cmp	r3, r2
 430 000e 0BD0     		beq	.L30
 431              	.LVL15:
 432              	.L25:
 190:Core/Src/usart.c ****   {
 191:Core/Src/usart.c ****   /* USER CODE BEGIN USART3_MspDeInit 0 */
 192:Core/Src/usart.c **** 
 193:Core/Src/usart.c ****   /* USER CODE END USART3_MspDeInit 0 */
 194:Core/Src/usart.c ****     /* Peripheral clock disable */
 195:Core/Src/usart.c ****     __HAL_RCC_USART3_CLK_DISABLE();
 196:Core/Src/usart.c **** 
 197:Core/Src/usart.c ****     /**USART3 GPIO Configuration
ARM GAS  C:\Users\imkar\AppData\Local\Temp\cckqqO8c.s 			page 13


 198:Core/Src/usart.c ****     PD8     ------> USART3_TX
 199:Core/Src/usart.c ****     PD9     ------> USART3_RX
 200:Core/Src/usart.c ****     */
 201:Core/Src/usart.c ****     HAL_GPIO_DeInit(GPIOD, INTERNAL_UART3_TX_Pin|INTERNAL_UART3_RX_Pin);
 202:Core/Src/usart.c **** 
 203:Core/Src/usart.c ****   /* USER CODE BEGIN USART3_MspDeInit 1 */
 204:Core/Src/usart.c **** 
 205:Core/Src/usart.c ****   /* USER CODE END USART3_MspDeInit 1 */
 206:Core/Src/usart.c ****   }
 207:Core/Src/usart.c **** }
 433              		.loc 1 207 1 view .LVU135
 434 0010 08BD     		pop	{r3, pc}
 435              	.LVL16:
 436              	.L29:
 177:Core/Src/usart.c **** 
 437              		.loc 1 177 5 is_stmt 1 view .LVU136
 438 0012 02F55842 		add	r2, r2, #55296
 439 0016 136E     		ldr	r3, [r2, #96]
 440 0018 23F48043 		bic	r3, r3, #16384
 441 001c 1366     		str	r3, [r2, #96]
 183:Core/Src/usart.c **** 
 442              		.loc 1 183 5 view .LVU137
 443 001e C021     		movs	r1, #192
 444 0020 0948     		ldr	r0, .L31+8
 445              	.LVL17:
 183:Core/Src/usart.c **** 
 446              		.loc 1 183 5 is_stmt 0 view .LVU138
 447 0022 FFF7FEFF 		bl	HAL_GPIO_DeInit
 448              	.LVL18:
 449 0026 F3E7     		b	.L25
 450              	.LVL19:
 451              	.L30:
 195:Core/Src/usart.c **** 
 452              		.loc 1 195 5 is_stmt 1 view .LVU139
 453 0028 02F5E432 		add	r2, r2, #116736
 454 002c 936D     		ldr	r3, [r2, #88]
 455 002e 23F48023 		bic	r3, r3, #262144
 456 0032 9365     		str	r3, [r2, #88]
 201:Core/Src/usart.c **** 
 457              		.loc 1 201 5 view .LVU140
 458 0034 4FF44071 		mov	r1, #768
 459 0038 0448     		ldr	r0, .L31+12
 460              	.LVL20:
 201:Core/Src/usart.c **** 
 461              		.loc 1 201 5 is_stmt 0 view .LVU141
 462 003a FFF7FEFF 		bl	HAL_GPIO_DeInit
 463              	.LVL21:
 464              		.loc 1 207 1 view .LVU142
 465 003e E7E7     		b	.L25
 466              	.L32:
 467              		.align	2
 468              	.L31:
 469 0040 00380140 		.word	1073821696
 470 0044 00480040 		.word	1073760256
 471 0048 00040048 		.word	1207960576
 472 004c 000C0048 		.word	1207962624
 473              		.cfi_endproc
ARM GAS  C:\Users\imkar\AppData\Local\Temp\cckqqO8c.s 			page 14


 474              	.LFE135:
 476              		.global	huart3
 477              		.global	huart1
 478              		.section	.bss.huart1,"aw",%nobits
 479              		.align	2
 480              		.set	.LANCHOR0,. + 0
 483              	huart1:
 484 0000 00000000 		.space	132
 484      00000000 
 484      00000000 
 484      00000000 
 484      00000000 
 485              		.section	.bss.huart3,"aw",%nobits
 486              		.align	2
 487              		.set	.LANCHOR1,. + 0
 490              	huart3:
 491 0000 00000000 		.space	132
 491      00000000 
 491      00000000 
 491      00000000 
 491      00000000 
 492              		.text
 493              	.Letext0:
 494              		.file 2 "c:\\tools\\gcc-arm-none-eabi-10.3-2021.10-win32\\gcc-arm-none-eabi-10.3-2021.10\\arm-none
 495              		.file 3 "c:\\tools\\gcc-arm-none-eabi-10.3-2021.10-win32\\gcc-arm-none-eabi-10.3-2021.10\\arm-none
 496              		.file 4 "Drivers/CMSIS/Device/ST/STM32L4xx/Include/stm32l475xx.h"
 497              		.file 5 "Drivers/STM32L4xx_HAL_Driver/Inc/stm32l4xx_hal_def.h"
 498              		.file 6 "Drivers/STM32L4xx_HAL_Driver/Inc/stm32l4xx_hal_rcc_ex.h"
 499              		.file 7 "Drivers/STM32L4xx_HAL_Driver/Inc/stm32l4xx_hal_gpio.h"
 500              		.file 8 "Drivers/STM32L4xx_HAL_Driver/Inc/stm32l4xx_hal_dma.h"
 501              		.file 9 "Drivers/STM32L4xx_HAL_Driver/Inc/stm32l4xx_hal_uart.h"
 502              		.file 10 "Core/Inc/usart.h"
 503              		.file 11 "Core/Inc/main.h"
 504              		.file 12 "<built-in>"
ARM GAS  C:\Users\imkar\AppData\Local\Temp\cckqqO8c.s 			page 15


DEFINED SYMBOLS
                            *ABS*:00000000 usart.c
C:\Users\imkar\AppData\Local\Temp\cckqqO8c.s:20     .text.MX_USART1_UART_Init:00000000 $t
C:\Users\imkar\AppData\Local\Temp\cckqqO8c.s:26     .text.MX_USART1_UART_Init:00000000 MX_USART1_UART_Init
C:\Users\imkar\AppData\Local\Temp\cckqqO8c.s:91     .text.MX_USART1_UART_Init:00000030 $d
C:\Users\imkar\AppData\Local\Temp\cckqqO8c.s:97     .text.MX_USART3_UART_Init:00000000 $t
C:\Users\imkar\AppData\Local\Temp\cckqqO8c.s:103    .text.MX_USART3_UART_Init:00000000 MX_USART3_UART_Init
C:\Users\imkar\AppData\Local\Temp\cckqqO8c.s:167    .text.MX_USART3_UART_Init:00000030 $d
C:\Users\imkar\AppData\Local\Temp\cckqqO8c.s:173    .text.HAL_UART_MspInit:00000000 $t
C:\Users\imkar\AppData\Local\Temp\cckqqO8c.s:179    .text.HAL_UART_MspInit:00000000 HAL_UART_MspInit
C:\Users\imkar\AppData\Local\Temp\cckqqO8c.s:391    .text.HAL_UART_MspInit:000000dc $d
C:\Users\imkar\AppData\Local\Temp\cckqqO8c.s:400    .text.HAL_UART_MspDeInit:00000000 $t
C:\Users\imkar\AppData\Local\Temp\cckqqO8c.s:406    .text.HAL_UART_MspDeInit:00000000 HAL_UART_MspDeInit
C:\Users\imkar\AppData\Local\Temp\cckqqO8c.s:469    .text.HAL_UART_MspDeInit:00000040 $d
C:\Users\imkar\AppData\Local\Temp\cckqqO8c.s:490    .bss.huart3:00000000 huart3
C:\Users\imkar\AppData\Local\Temp\cckqqO8c.s:483    .bss.huart1:00000000 huart1
C:\Users\imkar\AppData\Local\Temp\cckqqO8c.s:479    .bss.huart1:00000000 $d
C:\Users\imkar\AppData\Local\Temp\cckqqO8c.s:486    .bss.huart3:00000000 $d

UNDEFINED SYMBOLS
HAL_UART_Init
Error_Handler
memset
HAL_RCCEx_PeriphCLKConfig
HAL_GPIO_Init
HAL_GPIO_DeInit
